D:\Michał\Iplug\wdl\IPlug\Michal1\Release\cl.command.1.tlog
D:\Michał\Iplug\wdl\IPlug\Michal1\Release\CL.read.1.tlog
D:\Michał\Iplug\wdl\IPlug\Michal1\Release\CL.write.1.tlog
D:\MICHAł\IPLUG\WDL\IPLUG\MICHAL1\RELEASE\FX DELAY.DLL
D:\MICHAŁ\IPLUG\WDL\IPLUG\MICHAL1\RELEASE\FX DELAY.PDB
D:\Michał\Iplug\wdl\IPlug\Michal1\Release\FX Delay.write.1.tlog
D:\MICHAł\IPLUG\WDL\IPLUG\MICHAL1\RELEASE\FX_DELAY.OBJ
D:\MICHAł\IPLUG\WDL\IPLUG\MICHAL1\RELEASE\FX_DELAY.RES
D:\MICHAł\IPLUG\WDL\IPLUG\MICHAL1\RELEASE\GALKA.OBJ
D:\MICHAł\IPLUG\WDL\IPLUG\MICHAL1\RELEASE\ISWITCHCONTROL2.OBJ
D:\Michał\Iplug\wdl\IPlug\Michal1\Release\link.command.1.tlog
D:\Michał\Iplug\wdl\IPlug\Michal1\Release\link.read.1.tlog
D:\Michał\Iplug\wdl\IPlug\Michal1\Release\link.write.1.tlog
D:\Michał\Iplug\wdl\IPlug\Michal1\Release\link-cvtres.read.1.tlog
D:\Michał\Iplug\wdl\IPlug\Michal1\Release\link-cvtres.write.1.tlog
D:\Michał\Iplug\wdl\IPlug\Michal1\Release\rc.command.1.tlog
D:\Michał\Iplug\wdl\IPlug\Michal1\Release\rc.read.1.tlog
D:\Michał\Iplug\wdl\IPlug\Michal1\Release\rc.write.1.tlog
D:\Michał\Iplug\wdl\IPlug\Michal1\Release\test.exp
D:\Michał\Iplug\wdl\IPlug\Michal1\Release\test.lib
D:\MICHAŁ\IPLUG\WDL\IPLUG\MICHAL1\RELEASE\VC100.PDB
Release\FX Delay.pdb
